2016-12-07 15:32:09,088 - os.name - Windows 10
2016-12-07 15:32:09,089 - os.arch - amd64
2016-12-07 15:32:09,089 - os.version - 10.0
2016-12-07 15:32:09,089 - java.version - 1.8.0_102
2016-12-07 15:32:09,089 - java.vendor - Oracle Corporation
2016-12-07 15:32:09,089 - java.vendor.url - http://java.oracle.com/
2016-12-07 15:32:09,089 - java.home - C:\Program Files\Java\jdk1.8.0_102\jre
2016-12-07 15:32:09,089 - java.vm.specification.name - Java Virtual Machine Specification
2016-12-07 15:32:09,089 - java.vm.specification.vendor - Oracle Corporation
2016-12-07 15:32:09,089 - java.vm.specification.version - 1.8
2016-12-07 15:32:09,089 - java.class.path - C:\Users\vince\eclipse\android-neon\eclipse\\plugins/org.eclipse.equinox.launcher_1.3.200.v20160318-1642.jar
2016-12-07 15:32:09,089 - java.library.path - C:\Users\vince\eclipse\android-neon\eclipse;C:\WINDOWS\Sun\Java\bin;C:\WINDOWS\system32;C:\WINDOWS;C:/Program Files/Java/jdk1.8.0_102/bin/../jre/bin/server;C:/Program Files/Java/jdk1.8.0_102/bin/../jre/bin;C:/Program Files/Java/jdk1.8.0_102/bin/../jre/lib/amd64;C:\Program Files (x86)\NVIDIA Corporation\PhysX\Common;C:\WINDOWS\system32;C:\WINDOWS;C:\WINDOWS\System32\Wbem;C:\WINDOWS\System32\WindowsPowerShell\v1.0\;C:\WINDOWS\SysWOW64\WindowsPowerShell\v1.0\Modules\TShell\TShell\;C:\ProgramData\chocolatey\bin;C:\Program Files\Git\cmd;C:\Program Files (x86)\vim\vim74;C:\Program Files\Java\jdk1.8.0_102\bin;C:\Program Files\TortoiseSVN\bin;C:\Users\vince\AppData\Local\Microsoft\WindowsApps;;C:\WINDOWS\system32;;.
2016-12-07 15:32:09,089 - --------------------------------------
2016-12-07 15:32:09,089 - ## Eclipse Plug-ins Log Information ##
2016-12-07 15:32:09,089 - --------------------------------------
2016-12-07 15:32:09,098 - javax.el - 2.2.0.v201303151357
2016-12-07 15:32:09,099 - javax.servlet - 3.1.0.v201410161800
2016-12-07 15:32:09,099 - javax.servlet.jsp - 2.2.0.v201112011158
2016-12-07 15:32:09,100 - com.sun.el - 2.2.0.v201303151357
2016-12-07 15:32:09,100 - org.apache.commons.logging - 1.1.1.v201101211721
2016-12-07 15:32:09,100 - org.apache.jasper.glassfish - 2.2.2.v201501141630
2016-12-07 15:32:09,102 - org.apache.lucene.analysis - 3.5.0.v20120725-1805
2016-12-07 15:32:09,105 - org.apache.lucene.core - 3.5.0.v20120725-1805
2016-12-07 15:32:09,105 - org.eclipse.equinox.http.jetty - 3.3.0.v20160324-1850
2016-12-07 15:32:09,106 - org.eclipse.equinox.http.registry - 1.1.400.v20150715-1528
2016-12-07 15:32:09,106 - org.eclipse.equinox.http.servlet - 1.3.1.v20160808-1329
2016-12-07 15:32:09,107 - org.eclipse.equinox.jsp.jasper - 1.0.500.v20150119-1358
2016-12-07 15:32:09,108 - org.eclipse.equinox.jsp.jasper.registry - 1.0.300.v20130327-1442
2016-12-07 15:32:09,108 - org.eclipse.help.base - 4.1.0.v20160907-1200
2016-12-07 15:32:09,108 - org.eclipse.help.ui - 4.0.200.v20160510-0758
2016-12-07 15:32:09,109 - org.eclipse.help.webapp - 3.8.0.v20160504-0839
2016-12-07 15:32:09,110 - org.eclipse.jetty.continuation - 9.3.9.v20160517
2016-12-07 15:32:09,113 - org.eclipse.jetty.http - 9.3.9.v20160517
2016-12-07 15:32:09,114 - org.eclipse.jetty.io - 9.3.9.v20160517
2016-12-07 15:32:09,116 - org.eclipse.jetty.security - 9.3.9.v20160517
2016-12-07 15:32:09,118 - org.eclipse.jetty.server - 9.3.9.v20160517
2016-12-07 15:32:09,119 - org.eclipse.jetty.servlet - 9.3.9.v20160517
2016-12-07 15:32:09,119 - org.eclipse.jetty.util - 9.3.9.v20160517
2016-12-07 15:32:09,120 - org.eclipse.core.net - 1.3.0.v20160418-1534
2016-12-07 15:32:09,121 - org.eclipse.equinox.security - 1.2.200.v20150715-1528
2016-12-07 15:32:09,123 - org.eclipse.andmore.hierarchyviewer - 0.5.0.201605181018
2016-12-07 15:32:09,125 - org.eclipse.mylyn.bugzilla.core - 3.20.0.v20160425-1835
2016-12-07 15:32:09,126 - org.eclipse.mylyn.bugzilla.ui - 3.20.0.v20160425-1835
2016-12-07 15:32:09,129 - org.eclipse.sequoyah.device.backward - 2.1.0.N20120718-0509
2016-12-07 15:32:09,129 - org.eclipse.sequoyah.device.framework - 2.1.0.N20120718-0509
2016-12-07 15:32:09,130 - org.eclipse.sequoyah.device.framework.ui - 2.1.0.N20120718-0509
2016-12-07 15:32:09,130 - org.eclipse.sequoyah.device.service.start - 2.1.0.N20120718-0509
2016-12-07 15:32:09,131 - org.eclipse.sequoyah.device.service.stop - 2.1.0.N20120718-0509
2016-12-07 15:32:09,132 - org.eclipse.sequoyah.device.framework.wizard - 2.1.0.N20120718-0509
2016-12-07 15:32:09,134 - org.eclipse.buildship.core - 1.0.18.v20160817-1550
2016-12-07 15:32:09,135 - org.eclipse.buildship.ui - 1.0.18.v20160817-1550
2016-12-07 15:32:09,135 - org.eclipse.buildship.branding - 1.0.18.v20160817-1550
2016-12-07 15:32:09,135 - org.eclipse.buildship.stsmigration - 1.0.18.v20160817-1550
2016-12-07 15:32:09,138 - org.eclipse.mylyn.tasks.core - 3.20.0.v20160608-1838
2016-12-07 15:32:09,139 - org.eclipse.mylyn.tasks.index.core - 3.20.0.v20160425-1835
2016-12-07 15:32:09,139 - org.eclipse.mylyn.tasks.index.ui - 3.20.0.v20160425-1835
2016-12-07 15:32:09,140 - org.eclipse.mylyn.tasks.search - 3.20.0.v20160425-1835
2016-12-07 15:32:09,140 - org.eclipse.mylyn.tasks.ui - 3.20.0.v20160608-1838
2016-12-07 15:32:09,142 - org.eclipse.egit.core - 4.4.1.201607150455-r
2016-12-07 15:32:09,143 - org.eclipse.egit.ui - 4.4.1.201607150455-r
2016-12-07 15:32:09,143 - org.eclipse.egit - 4.4.1.201607150455-r
2016-12-07 15:32:09,144 - org.eclipse.egit.doc - 4.4.1.201607150455-r
2016-12-07 15:32:09,146 - org.eclipse.aether.maven - 3.1.0.v20140706-2237
2016-12-07 15:32:09,148 - org.eclipse.gef - 3.11.0.201606061308
2016-12-07 15:32:09,150 - org.eclipse.mylyn.commons.identity.core - 1.12.0.v20160421-1819
2016-12-07 15:32:09,152 - org.eclipse.oomph.p2 - 1.6.0.v20161019-0656
2016-12-07 15:32:09,152 - org.eclipse.oomph.p2.core - 1.6.0.v20161111-1110
2016-12-07 15:32:09,153 - org.eclipse.oomph.p2.edit - 1.6.0.v20161019-0656
2016-12-07 15:32:09,153 - org.eclipse.oomph.p2.ui - 1.6.0.v20161128-0924
2016-12-07 15:32:09,154 - org.eclipse.oomph.p2.doc - 1.6.0.v20161019-0656
2016-12-07 15:32:09,156 - org.eclipse.datatools.enablement.sqlite - 1.1.0.201603142002
2016-12-07 15:32:09,157 - org.eclipse.datatools.enablement.sqlite.dbdefinition - 1.1.0.201603142002
2016-12-07 15:32:09,157 - org.eclipse.datatools.enablement.sqlite.ui - 1.1.0.201603142002
2016-12-07 15:32:09,157 - org.eclipse.datatools.enablement.finfo - 1.6.0.201603142002
2016-12-07 15:32:09,159 - org.eclipse.emf.codegen.ui - 2.6.0.v20160526-0356
2016-12-07 15:32:09,161 - org.eclipse.mylyn.commons.notifications.core - 1.12.0.v20160421-1819
2016-12-07 15:32:09,161 - org.eclipse.mylyn.commons.notifications.feed - 1.12.0.v20160421-1819
2016-12-07 15:32:09,162 - org.eclipse.mylyn.commons.notifications.ui - 1.12.0.v20160421-1819
2016-12-07 15:32:09,166 - org.eclipse.emf.converter - 2.7.0.v20160526-0356
2016-12-07 15:32:09,170 - org.eclipse.emf.importer - 2.9.0.v20160526-0356
2016-12-07 15:32:09,170 - org.eclipse.emf.exporter - 2.7.0.v20160526-0356
2016-12-07 15:32:09,171 - org.eclipse.emf.importer.ecore - 2.8.0.v20160526-0356
2016-12-07 15:32:09,171 - org.eclipse.emf.importer.java - 2.7.0.v20160526-0356
2016-12-07 15:32:09,172 - org.eclipse.emf.importer.rose - 2.8.0.v20160526-0356
2016-12-07 15:32:09,174 - org.eclipse.emf.edit.ui - 2.12.0.v20160526-0356
2016-12-07 15:32:09,176 - org.eclipse.help - 3.7.0.v20160602-1307
2016-12-07 15:32:09,177 - org.eclipse.ui - 3.108.0.v20160518-1929
2016-12-07 15:32:09,177 - org.eclipse.ui.workbench - 3.108.1.v20160819-2118
2016-12-07 15:32:09,177 - org.eclipse.update.configurator - 3.3.400.v20160506-0750
2016-12-07 15:32:09,178 - org.eclipse.rcp - 4.6.1.v20160907-1200
2016-12-07 15:32:09,180 - org.eclipse.recommenders.rcp - 2.4.3.v20160913-0645
2016-12-07 15:32:09,180 - org.eclipse.recommenders.apidocs - 2.4.3.v20160913-0645
2016-12-07 15:32:09,181 - org.eclipse.recommenders.apidocs.rcp - 2.4.3.v20160913-0645
2016-12-07 15:32:09,181 - org.eclipse.recommenders.calls - 2.4.3.v20160913-0645
2016-12-07 15:32:09,182 - org.eclipse.recommenders.calls.rcp - 2.4.3.v20160913-0645
2016-12-07 15:32:09,182 - org.eclipse.recommenders.chain.rcp - 2.4.3.v20160913-0645
2016-12-07 15:32:09,182 - org.eclipse.recommenders.completion.rcp - 2.4.3.v20160913-0645
2016-12-07 15:32:09,183 - org.eclipse.recommenders.constructors - 2.4.3.v20160913-0645
2016-12-07 15:32:09,183 - org.eclipse.recommenders.constructors.rcp - 2.4.3.v20160913-0645
2016-12-07 15:32:09,184 - org.eclipse.recommenders.coordinates - 2.4.3.v20160913-0645
2016-12-07 15:32:09,184 - org.eclipse.recommenders.coordinates.rcp - 2.4.3.v20160913-0645
2016-12-07 15:32:09,184 - org.eclipse.recommenders.injection - 2.4.3.v20160913-0645
2016-12-07 15:32:09,185 - org.eclipse.recommenders.jayes - 2.4.3.v20160913-0645
2016-12-07 15:32:09,185 - org.eclipse.recommenders.jayes.io - 2.4.3.v20160913-0645
2016-12-07 15:32:09,185 - org.eclipse.recommenders.jdt - 2.4.3.v20160913-0645
2016-12-07 15:32:09,186 - org.eclipse.recommenders.models - 2.4.3.v20160913-0645
2016-12-07 15:32:09,186 - org.eclipse.recommenders.models.rcp - 2.4.3.v20160913-0645
2016-12-07 15:32:09,186 - org.eclipse.recommenders.net - 2.4.3.v20160913-0645
2016-12-07 15:32:09,187 - org.eclipse.recommenders.overrides - 2.4.3.v20160913-0645
2016-12-07 15:32:09,187 - org.eclipse.recommenders.overrides.rcp - 2.4.3.v20160913-0645
2016-12-07 15:32:09,187 - org.eclipse.recommenders.subwords.rcp - 2.4.3.v20160913-0645
2016-12-07 15:32:09,188 - org.eclipse.recommenders.types.rcp - 2.4.3.v20160913-0645
2016-12-07 15:32:09,188 - org.eclipse.recommenders.utils - 2.4.3.v20160913-0645
2016-12-07 15:32:09,189 - org.eclipse.recommenders.utils.rcp - 2.4.3.v20160913-0645
2016-12-07 15:32:09,191 - org.eclipse.mylyn.commons.repositories.http.core - 1.12.0.v20160421-1819
2016-12-07 15:32:09,193 - org.eclipse.datatools.connectivity.oda.design.ui - 3.3.0.201603142002
2016-12-07 15:32:09,193 - org.eclipse.datatools.connectivity.ui.dse - 1.2.0.201603142002
2016-12-07 15:32:09,194 - org.eclipse.datatools.connectivity.ui - 1.3.0.201603142002
2016-12-07 15:32:09,194 - org.eclipse.datatools.connectivity.sqm.core - 1.3.0.201603142002
2016-12-07 15:32:09,194 - org.eclipse.datatools.help - 1.6.0.201603142002
2016-12-07 15:32:09,202 - com.android.ide.eclipse.traceview - 23.0.7.2120684
2016-12-07 15:32:09,204 - org.eclipse.jdt - 3.12.1.v20160907-1200
2016-12-07 15:32:09,204 - org.eclipse.ant.ui - 3.6.200.v20160525-1820
2016-12-07 15:32:09,205 - org.eclipse.jdt.apt.core - 3.4.100.v20160525-0952
2016-12-07 15:32:09,205 - org.eclipse.jdt.apt.ui - 3.4.100.v20160418-1457
2016-12-07 15:32:09,205 - org.eclipse.jdt.apt.pluggable.core - 1.1.100.v20160418-1457
2016-12-07 15:32:09,206 - org.eclipse.jdt.compiler.apt - 1.2.100.v20160418-1457
2016-12-07 15:32:09,207 - org.eclipse.jdt.compiler.tool - 1.1.100.v20160418-1457
2016-12-07 15:32:09,208 - org.eclipse.jdt.core - 3.12.1.v20160829-0950
2016-12-07 15:32:09,208 - org.eclipse.jdt.annotation - 2.1.0.v20160418-1457
2016-12-07 15:32:09,208 - org.eclipse.jdt.annotation - 2.1.0.v20160418-1457
2016-12-07 15:32:09,208 - org.eclipse.jdt.core.manipulation - 1.7.0.v20160419-0705
2016-12-07 15:32:09,209 - org.eclipse.jdt.debug.ui - 3.7.201.v20160811-0450
2016-12-07 15:32:09,213 - org.eclipse.jdt.debug - 3.10.1.v20160811-0441
2016-12-07 15:32:09,214 - org.eclipse.jdt.junit - 3.9.0.v20160421-1701
2016-12-07 15:32:09,214 - org.eclipse.jdt.junit.core - 3.8.0.v20160421-1701
2016-12-07 15:32:09,215 - org.eclipse.jdt.junit.runtime - 3.4.600.v20160505-0715
2016-12-07 15:32:09,215 - org.eclipse.jdt.junit4.runtime - 1.1.600.v20160505-0715
2016-12-07 15:32:09,216 - org.eclipse.jdt.launching - 3.8.100.v20160505-0636
2016-12-07 15:32:09,218 - org.eclipse.jdt.ui - 3.12.1.v20160822-0645
2016-12-07 15:32:09,219 - org.junit - 4.12.0.v201504281640
2016-12-07 15:32:09,219 - org.hamcrest.core - 1.3.0.v201303031735
2016-12-07 15:32:09,219 - org.eclipse.jdt.doc.user - 3.12.1.v20160727-2009
2016-12-07 15:32:09,220 - org.eclipse.ant.launching - 1.1.200.v20160418-1631
2016-12-07 15:32:09,222 - org.eclipse.emf.common - 2.12.0.v20160420-0247
2016-12-07 15:32:09,224 - org.eclipse.sequoyah.vnc.vncviewer.vncviews - 2.1.0.N20120718-0509
2016-12-07 15:32:09,226 - org.eclipse.egit.mylyn.ui - 4.4.1.201607150455-r
2016-12-07 15:32:09,228 - org.eclipse.datatools.sqltools.common.ui - 1.1.0.201603142002
2016-12-07 15:32:09,229 - org.eclipse.datatools.sqltools.debugger.core - 1.1.0.201603142002
2016-12-07 15:32:09,229 - org.eclipse.datatools.sqltools.editor.core - 1.1.0.201603142002
2016-12-07 15:32:09,230 - org.eclipse.datatools.sqltools.plan - 1.1.0.201603142002
2016-12-07 15:32:09,230 - org.eclipse.datatools.sqltools.routineeditor - 1.1.0.201603142002
2016-12-07 15:32:09,230 - org.eclipse.datatools.sqltools.sql - 1.1.0.201603142002
2016-12-07 15:32:09,231 - org.eclipse.datatools.sqltools.sqleditor - 1.1.0.201603142002
2016-12-07 15:32:09,231 - org.eclipse.datatools.sqltools.sqlscrapbook - 1.1.0.201603142002
2016-12-07 15:32:09,231 - org.eclipse.datatools.help - 1.6.0.201603142002
2016-12-07 15:32:09,231 - org.eclipse.datatools.sqltools.db.generic - 1.1.0.201603142002
2016-12-07 15:32:09,232 - org.eclipse.datatools.sqltools.debugger.core.ui - 1.1.0.201603142002
2016-12-07 15:32:09,232 - org.eclipse.datatools.sqltools.editor.core.ui - 1.1.0.201603142002
2016-12-07 15:32:09,232 - org.eclipse.datatools.sqltools.result.ui - 1.2.0.201603142002
2016-12-07 15:32:09,233 - org.eclipse.datatools.sqltools.routineeditor.ui - 1.1.0.201603142002
2016-12-07 15:32:09,233 - org.eclipse.datatools.sqltools.sql.ui - 1.1.0.201603142002
2016-12-07 15:32:09,236 - org.objectweb.asm - 5.0.1.v201404251740
2016-12-07 15:32:09,236 - org.eclipse.andmore - 0.5.0.201605181018
2016-12-07 15:32:09,239 - org.eclipse.andmore.base - 0.5.0.201605181018
2016-12-07 15:32:09,240 - org.eclipse.andmore.ddms - 0.5.0.201605181018
2016-12-07 15:32:09,241 - org.eclipse.andmore.overlay - 0.5.0.201605181018
2016-12-07 15:32:09,243 - org.apache.commons.codec - 1.6.0.v201305230611
2016-12-07 15:32:09,244 - org.apache.commons.compress - 1.6.0.v201310281400
2016-12-07 15:32:09,244 - org.apache.httpcomponents.httpclient - 4.3.6.v201511171540
2016-12-07 15:32:09,245 - org.apache.httpcomponents.httpcore - 4.3.3.v201411290715
2016-12-07 15:32:09,265 - com.android.ide.eclipse.base - 23.0.7.2120684
2016-12-07 15:32:09,266 - com.android.ide.eclipse.ddms - 23.0.7.2120684
2016-12-07 15:32:09,268 - org.eclipse.datatools.modelbase.dbdefinition - 1.1.0.201603142002
2016-12-07 15:32:09,269 - org.eclipse.datatools.modelbase.sql.edit - 1.1.0.201603142002
2016-12-07 15:32:09,269 - org.eclipse.datatools.modelbase.sql.query - 1.2.0.201603142002
2016-12-07 15:32:09,270 - org.eclipse.datatools.modelbase.sql.query.edit - 1.1.0.201603142002
2016-12-07 15:32:09,270 - org.eclipse.datatools.modelbase.sql.xml.query - 1.1.0.201603142002
2016-12-07 15:32:09,270 - org.eclipse.datatools.modelbase.sql - 1.1.0.201603142002
2016-12-07 15:32:09,272 - org.eclipse.emf.mapping - 2.9.0.v20160526-0356
2016-12-07 15:32:09,274 - org.eclipse.oomph.setup.editor - 1.6.0.v20161125-1207
2016-12-07 15:32:09,274 - org.eclipse.oomph.setup.ui - 1.6.0.v20161128-0851
2016-12-07 15:32:09,275 - org.eclipse.oomph.setup.doc - 1.6.0.v20161019-0656
2016-12-07 15:32:09,275 - org.eclipse.oomph.setup.ui.questionnaire - 1.6.0.v20161019-0656
2016-12-07 15:32:09,275 - org.eclipse.oomph.jreinfo.ui - 1.6.0.v20161019-0656
2016-12-07 15:32:09,277 - org.eclipse.emf.ecore - 2.12.0.v20160420-0247
2016-12-07 15:32:09,278 - org.eclipse.emf.ecore.change - 2.11.0.v20160420-0247
2016-12-07 15:32:09,278 - org.eclipse.emf.ecore.xmi - 2.12.0.v20160420-0247
2016-12-07 15:32:09,280 - org.eclipse.jgit - 4.4.1.201607150455-r
2016-12-07 15:32:09,281 - org.eclipse.jgit.archive - 4.4.1.201607150455-r
2016-12-07 15:32:09,281 - com.jcraft.jsch - 0.1.53.v201508180515
2016-12-07 15:32:09,281 - javaewah - 0.7.9.v201605172130
2016-12-07 15:32:09,281 - org.apache.commons.compress - 1.6.0.v201310281400
2016-12-07 15:32:09,282 - org.slf4j.api - 1.7.2.v20121108-1250
2016-12-07 15:32:09,282 - org.slf4j.impl.log4j12 - 1.7.2.v20131105-2200
2016-12-07 15:32:09,282 - org.apache.log4j - 1.2.15.v201012070815
2016-12-07 15:32:09,284 - org.eclipse.mylyn.wikitext.core - 2.9.0.v20160513-1433
2016-12-07 15:32:09,285 - org.eclipse.mylyn.wikitext.core.ant - 2.9.0.v20160513-1433
2016-12-07 15:32:09,286 - org.eclipse.mylyn.wikitext.core.osgi - 2.9.0.v20160513-1433
2016-12-07 15:32:09,286 - org.eclipse.mylyn.wikitext.textile.core - 2.9.0.v20160513-1433
2016-12-07 15:32:09,287 - org.eclipse.mylyn.wikitext.html.core - 2.9.0.v20160513-1433
2016-12-07 15:32:09,287 - org.eclipse.mylyn.wikitext.markdown.core - 2.9.0.v20160513-1433
2016-12-07 15:32:09,287 - org.eclipse.mylyn.wikitext.mediawiki.core - 2.9.0.v20160513-1433
2016-12-07 15:32:09,288 - org.eclipse.mylyn.wikitext.mediawiki.core.ant - 2.9.0.v20160513-1433
2016-12-07 15:32:09,288 - org.eclipse.mylyn.wikitext.confluence.core - 2.9.0.v20160513-1433
2016-12-07 15:32:09,289 - org.eclipse.mylyn.wikitext.tracwiki.core - 2.9.0.v20160513-1433
2016-12-07 15:32:09,289 - org.eclipse.mylyn.wikitext.twiki.core - 2.9.0.v20160519-0832
2016-12-07 15:32:09,290 - org.eclipse.mylyn.wikitext.ui - 2.9.0.v20160516-1547
2016-12-07 15:32:09,291 - org.eclipse.mylyn.wikitext.help.ui - 2.9.0.v20160524-0547
2016-12-07 15:32:09,339 - org.eclipse.mylyn.wikitext.textile.ui - 2.9.0.v20160513-1433
2016-12-07 15:32:09,339 - org.eclipse.mylyn.wikitext.markdown.ui - 2.9.0.v20160513-1433
2016-12-07 15:32:09,340 - org.eclipse.mylyn.wikitext.mediawiki.ui - 2.9.0.v20160513-1433
2016-12-07 15:32:09,340 - org.eclipse.mylyn.wikitext.confluence.ui - 2.9.0.v20160513-1433
2016-12-07 15:32:09,341 - org.eclipse.mylyn.wikitext.tracwiki.ui - 2.9.0.v20160513-1433
2016-12-07 15:32:09,342 - org.eclipse.mylyn.wikitext.twiki.ui - 2.9.0.v20160513-1433
2016-12-07 15:32:09,342 - org.eclipse.mylyn.wikitext.tasks.ui - 2.9.0.v20160513-1433
2016-12-07 15:32:09,342 - org.eclipse.mylyn.wikitext.context.ui - 2.9.0.v20160513-1433
2016-12-07 15:32:09,342 - org.eclipse.mylyn.wikitext.asciidoc.core - 2.9.0.v20160524-1633
2016-12-07 15:32:09,343 - org.eclipse.mylyn.wikitext.asciidoc.ui - 2.9.0.v20160516-1451
2016-12-07 15:32:09,345 - org.eclipse.emf.mapping.ecore.editor - 2.6.0.v20160526-0356
2016-12-07 15:32:09,350 - org.eclipse.emf.mapping.ecore2ecore.editor - 2.7.0.v20160526-0356
2016-12-07 15:32:09,354 - org.eclipse.emf.mapping.ecore2xml.ui - 2.8.0.v20160526-0356
2016-12-07 15:32:09,368 - com.android.ide.eclipse.adt - 23.0.7.2120684
2016-12-07 15:32:09,369 - overlay.com.android.ide.eclipse.adt.overlay - 23.0.7.2120684
2016-12-07 15:32:09,370 - org.eclipse.recommenders.mylyn.rcp - 2.4.3.v20160913-0645
2016-12-07 15:32:09,379 - org.apache.ant - 1.9.6.v201510161327
2016-12-07 15:32:09,380 - org.eclipse.ant.core - 3.4.100.v20160505-0642
2016-12-07 15:32:09,380 - com.jcraft.jsch - 0.1.53.v201508180515
2016-12-07 15:32:09,380 - org.eclipse.compare.core - 3.6.0.v20160418-1534
2016-12-07 15:32:09,380 - org.eclipse.compare - 3.6.0.v20160418-1534
2016-12-07 15:32:09,381 - org.eclipse.compare.win32 - 1.1.0.v20160418-1534
2016-12-07 15:32:09,381 - org.eclipse.core.filebuffers - 3.6.0.v20160503-1849
2016-12-07 15:32:09,382 - org.eclipse.core.filesystem - 1.6.0.v20160503-1608
2016-12-07 15:32:09,382 - org.eclipse.core.net - 1.3.0.v20160418-1534
2016-12-07 15:32:09,382 - org.eclipse.core.net.win32.x86_64 - 1.1.0.v20160323-1650
2016-12-07 15:32:09,382 - org.eclipse.core.resources - 3.11.0.v20160503-1608
2016-12-07 15:32:09,383 - org.eclipse.osgi.util - 3.3.100.v20150423-1351
2016-12-07 15:32:09,383 - org.eclipse.debug.core - 3.10.100.v20160419-1720
2016-12-07 15:32:09,384 - org.eclipse.debug.ui - 3.11.201.v20160825-1412
2016-12-07 15:32:09,384 - org.eclipse.equinox.event - 1.3.200.v20160324-1850
2016-12-07 15:32:09,385 - org.eclipse.ltk.core.refactoring - 3.7.0.v20160419-0705
2016-12-07 15:32:09,385 - org.eclipse.ltk.ui.refactoring - 3.8.0.v20160518-1817
2016-12-07 15:32:09,385 - org.eclipse.platform - 4.6.1.v20160907-1200
2016-12-07 15:32:09,386 - org.eclipse.platform.doc.user - 4.6.1.v20160727-2009
2016-12-07 15:32:09,386 - org.eclipse.search - 3.11.0.v20160519-1501
2016-12-07 15:32:09,386 - org.eclipse.team.core - 3.8.0.v20160418-1534
2016-12-07 15:32:09,387 - org.eclipse.team.ui - 3.8.0.v20160518-1906
2016-12-07 15:32:09,387 - org.eclipse.text - 3.6.0.v20160503-1849
2016-12-07 15:32:09,388 - org.eclipse.jface.text - 3.11.1.v20160819-1517
2016-12-07 15:32:09,388 - org.eclipse.jsch.core - 1.3.0.v20160422-1917
2016-12-07 15:32:09,389 - org.eclipse.jsch.ui - 1.3.0.v20160323-1650
2016-12-07 15:32:09,389 - org.eclipse.ui.console - 3.6.200.v20160518-1858
2016-12-07 15:32:09,390 - org.eclipse.ui.intro - 3.5.1.v20160829-1558
2016-12-07 15:32:09,390 - org.eclipse.ui.intro.universal - 3.3.1.v20160829-1558
2016-12-07 15:32:09,390 - org.eclipse.ui.cheatsheets - 3.5.0.v20160504-0839
2016-12-07 15:32:09,391 - org.eclipse.ui.browser - 3.5.1.v20160712-0914
2016-12-07 15:32:09,391 - org.eclipse.ui.monitoring - 1.1.0.v20160131-1628
2016-12-07 15:32:09,392 - org.eclipse.ui.navigator - 3.6.100.v20160518-1929
2016-12-07 15:32:09,392 - org.eclipse.ui.navigator.resources - 3.5.100.v20160518-1929
2016-12-07 15:32:09,392 - org.eclipse.ui.net - 1.3.0.v20160426-1633
2016-12-07 15:32:09,393 - org.eclipse.ui.workbench.texteditor - 3.10.1.v20160818-1626
2016-12-07 15:32:09,393 - org.eclipse.ui.views - 3.8.101.v20160816-1954
2016-12-07 15:32:09,394 - org.eclipse.ui.editors - 3.10.0.v20160505-0931
2016-12-07 15:32:09,394 - org.eclipse.ui.externaltools - 3.3.100.v20160518-1858
2016-12-07 15:32:09,395 - org.eclipse.ui.ide - 3.12.1.v20160823-0925
2016-12-07 15:32:09,395 - org.eclipse.ui.ide.application - 1.1.101.v20160829-0827
2016-12-07 15:32:09,395 - org.eclipse.ui.win32 - 3.3.0.v20160505-1310
2016-12-07 15:32:09,395 - org.eclipse.core.resources.win32.x86_64 - 3.5.0.v20140124-1940
2016-12-07 15:32:09,395 - org.eclipse.core.filesystem.win32.x86_64 - 1.4.0.v20140124-1940
2016-12-07 15:32:09,396 - org.eclipse.core.variables - 3.3.0.v20160419-1720
2016-12-07 15:32:09,396 - org.eclipse.ui.forms - 3.7.0.v20160518-1929
2016-12-07 15:32:09,396 - org.eclipse.ui.views.properties.tabbed - 3.7.0.v20160310-0903
2016-12-07 15:32:09,396 - org.eclipse.equinox.security - 1.2.200.v20150715-1528
2016-12-07 15:32:09,397 - org.eclipse.equinox.security.ui - 1.1.300.v20150803-1225
2016-12-07 15:32:09,397 - org.eclipse.equinox.security.win32.x86_64 - 1.0.100.v20130327-1442
2016-12-07 15:32:09,405 - org.eclipse.core.externaltools - 1.0.400.v20160509-1057
2016-12-07 15:32:09,405 - org.eclipse.ui.themes - 1.1.200.v20160815-0536
2016-12-07 15:32:09,406 - org.eclipse.core.runtime - 3.12.0.v20160606-1342
2016-12-07 15:32:09,406 - org.eclipse.ui.intro.quicklinks - 1.0.0.v20160515-0255
2016-12-07 15:32:09,409 - org.eclipse.mylyn.discovery.core - 3.20.0.v20160421-1819
2016-12-07 15:32:09,409 - org.eclipse.mylyn.discovery.ui - 3.20.0.v20160421-1819
2016-12-07 15:32:09,412 - org.eclipse.emf.ecore.edit - 2.9.0.v20160526-0356
2016-12-07 15:32:09,412 - org.eclipse.emf.ecore.change.edit - 2.6.0.v20160526-0356
2016-12-07 15:32:09,414 - org.eclipse.sequoyah.vnc.protocol - 2.1.0.N20120718-0509
2016-12-07 15:32:09,416 - org.eclipse.emf.mapping.ecore - 2.6.0.v20160526-0356
2016-12-07 15:32:09,416 - org.eclipse.emf.mapping.ecore2ecore - 2.9.0.v20160526-0356
2016-12-07 15:32:09,417 - org.eclipse.emf.mapping.ecore2xml - 2.9.0.v20160526-0356
2016-12-07 15:32:09,419 - org.eclipse.mylyn.versions.core - 1.12.0.v20160421-1824
2016-12-07 15:32:09,419 - org.eclipse.mylyn.versions.ui - 1.12.0.v20160421-1824
2016-12-07 15:32:09,421 - org.eclipse.andmore.traceview - 0.5.0.201605181018
2016-12-07 15:32:09,423 - org.eclipse.sequoyah.localization.android - 2.1.0.N20120718-0509
2016-12-07 15:32:09,423 - org.eclipse.sequoyah.localization.android.help - 2.1.1.N20120718-0509
2016-12-07 15:32:09,425 - org.eclipse.m2e.logback.configuration - 1.7.0.20160603-1933
2016-12-07 15:32:09,426 - org.eclipse.m2e.logback.appender - 1.7.0.20160603-1933
2016-12-07 15:32:09,427 - org.eclipse.emf.codegen - 2.11.0.v20160526-0356
2016-12-07 15:32:09,429 - org.eclipse.wst.dtd.ui - 1.0.801.v201308100602
2016-12-07 15:32:09,430 - org.eclipse.wst.dtd.ui.infopop - 1.0.400.v201309112106
2016-12-07 15:32:09,430 - org.eclipse.wst.sse.ui.infopop - 1.0.300.v201309112106
2016-12-07 15:32:09,431 - org.eclipse.wst.xml.ui.infopop - 1.0.400.v201309112106
2016-12-07 15:32:09,431 - org.eclipse.wst.sse.ui - 1.3.500.v201605120129
2016-12-07 15:32:09,431 - org.eclipse.wst.xml.ui - 1.1.700.v201604272318
2016-12-07 15:32:09,433 - org.eclipse.wst.xsd.ui - 1.2.600.v201511240159
2016-12-07 15:32:09,434 - org.eclipse.emf - 2.6.0.v20160526-0356
2016-12-07 15:32:09,436 - org.eclipse.datatools.doc.user - 1.7.0.20090521092446
2016-12-07 15:32:09,436 - org.eclipse.datatools.oda.cshelp - 1.2.0.201603142002
2016-12-07 15:32:09,436 - org.eclipse.datatools.help - 1.6.0.201603142002
2016-12-07 15:32:09,438 - org.eclipse.mylyn.tasks.bugs - 3.20.0.v20160425-1835
2016-12-07 15:32:09,439 - org.eclipse.mylyn.help.ui - 3.20.0.v20160425-1835
2016-12-07 15:32:09,440 - org.eclipse.draw2d - 3.10.100.201606061308
2016-12-07 15:32:09,442 - org.eclipse.emf.edit - 2.12.0.v20160526-0356
2016-12-07 15:32:09,443 - org.eclipse.mylyn.commons.core - 3.20.0.v20160421-1819
2016-12-07 15:32:09,443 - org.eclipse.mylyn.commons.screenshots - 3.20.0.v20160421-1819
2016-12-07 15:32:09,444 - org.eclipse.mylyn.commons.ui - 3.20.0.v20160421-1819
2016-12-07 15:32:09,444 - org.eclipse.mylyn.commons.workbench - 3.20.0.v20160421-1819
2016-12-07 15:32:09,446 - org.eclipse.mylyn.bugzilla.ide - 3.20.0.v20160421-1902
2016-12-07 15:32:09,446 - org.eclipse.mylyn.ide.ui - 3.20.0.v20160421-1902
2016-12-07 15:32:09,448 - org.eclipse.emf.databinding.edit - 1.3.0.v20160526-0356
2016-12-07 15:32:09,449 - org.eclipse.emf.codegen.ecore - 2.12.0.v20160526-0356
2016-12-07 15:32:09,450 - org.eclipse.emf.ant - 2.8.0.v20160526-0356
2016-12-07 15:32:09,457 - org.eclipse.m2e.archetype.common - 1.7.0.20160603-1931
2016-12-07 15:32:09,458 - org.eclipse.m2e.maven.indexer - 1.7.0.20160603-1931
2016-12-07 15:32:09,459 - org.eclipse.m2e.model.edit - 1.7.0.20160603-1933
2016-12-07 15:32:09,459 - org.eclipse.m2e.core - 1.7.0.20160603-1933
2016-12-07 15:32:09,459 - org.eclipse.m2e.launching - 1.7.0.20160603-1933
2016-12-07 15:32:09,459 - org.eclipse.m2e.workspace.cli - 0.3.1
2016-12-07 15:32:09,460 - org.eclipse.m2e.jdt - 1.7.0.20160603-1933
2016-12-07 15:32:09,460 - org.eclipse.m2e.editor - 1.7.0.20160603-1933
2016-12-07 15:32:09,461 - org.eclipse.m2e.editor.xml - 1.7.0.20160603-1933
2016-12-07 15:32:09,476 - org.eclipse.m2e.maven.runtime - 1.7.0.20160603-1931
2016-12-07 15:32:09,477 - org.eclipse.m2e.maven.runtime.slf4j.simple - 1.7.0.20160603-1931
2016-12-07 15:32:09,477 - org.eclipse.m2e.refactoring - 1.7.0.20160603-1933
2016-12-07 15:32:09,478 - org.eclipse.m2e.lifecyclemapping.defaults - 1.7.0.20160603-1933
2016-12-07 15:32:09,478 - org.eclipse.m2e.discovery - 1.7.0.20160603-1933
2016-12-07 15:32:09,479 - org.eclipse.m2e.core.ui - 1.7.0.20160603-1933
2016-12-07 15:32:09,479 - org.eclipse.m2e.scm - 1.7.0.20160603-1933
2016-12-07 15:32:09,479 - org.eclipse.m2e.jdt.ui - 1.7.0.20160603-1933
2016-12-07 15:32:09,480 - org.eclipse.m2e.profiles.core - 1.7.0.20160603-1933
2016-12-07 15:32:09,480 - org.eclipse.m2e.profiles.ui - 1.7.0.20160603-1933
2016-12-07 15:32:09,480 - org.eclipse.m2e.importer - 1.7.0.20160603-1933
2016-12-07 15:32:09,483 - org.eclipse.andmore.ndk - 0.5.0.201605181018
2016-12-07 15:32:09,485 - org.eclipse.andmore.gldebugger - 0.5.0.201605181018
2016-12-07 15:32:09,487 - org.eclipse.mylyn.hudson.core - 1.12.0.v20160524-1837
2016-12-07 15:32:09,487 - org.eclipse.mylyn.hudson.ui - 1.12.0.v20160421-2142
2016-12-07 15:32:09,489 - org.eclipse.epp.mpc.core - 1.5.2.v20161004-1655
2016-12-07 15:32:09,489 - org.eclipse.epp.mpc.ui - 1.5.2.v20161005-1414
2016-12-07 15:32:09,490 - org.eclipse.epp.mpc.help.ui - 1.5.2.v20161004-1655
2016-12-07 15:32:09,490 - org.apache.httpcomponents.httpclient - 4.3.6.v201511171540
2016-12-07 15:32:09,490 - org.apache.httpcomponents.httpcore - 4.3.3.v201411290715
2016-12-07 15:32:09,492 - org.eclipse.datatools.connectivity.oda.consumer - 3.3.0.201603142002
2016-12-07 15:32:09,492 - org.eclipse.datatools.connectivity.oda.design - 3.4.0.201603142002
2016-12-07 15:32:09,493 - org.eclipse.datatools.connectivity.oda.profile - 3.3.0.201603142002
2016-12-07 15:32:09,493 - org.eclipse.datatools.connectivity.oda - 3.5.0.201603142002
2016-12-07 15:32:09,493 - org.eclipse.datatools.connectivity - 1.13.0.201603142002
2016-12-07 15:32:09,495 - org.eclipse.mylyn.git.core - 1.12.0.v20160421-1824
2016-12-07 15:32:09,495 - org.eclipse.mylyn.git.ui - 1.12.0.v20160421-1824
2016-12-07 15:32:09,497 - org.eclipse.andmore.android.certmanager - 0.5.0.201605181018
2016-12-07 15:32:09,499 - org.eclipse.recommenders.snipmatch - 2.4.3.v20160913-0645
2016-12-07 15:32:09,499 - org.eclipse.recommenders.snipmatch.rcp - 2.4.3.v20160913-0645
2016-12-07 15:32:09,501 - org.eclipse.cdt.gdb - 7.0.0.201609121658
2016-12-07 15:32:09,501 - org.eclipse.cdt.gdb.ui - 7.0.0.201609121658
2016-12-07 15:32:09,503 - org.eclipse.sequoyah.localization.tools - 2.1.0.N20120718-0509
2016-12-07 15:32:09,503 - org.eclipse.sequoyah.localization.editor - 2.1.0.N20120718-0509
2016-12-07 15:32:09,505 - org.eclipse.pde - 3.12.1.v20160907-1200
2016-12-07 15:32:09,506 - org.eclipse.pde.build - 3.9.200.v20160204-0642
2016-12-07 15:32:09,507 - org.eclipse.pde.core - 3.11.0.v20160510-1223
2016-12-07 15:32:09,507 - org.eclipse.pde.junit.runtime - 3.5.0.v20151013-0625
2016-12-07 15:32:09,507 - org.eclipse.pde.runtime - 3.5.0.v20160418-1724
2016-12-07 15:32:09,508 - org.eclipse.pde.ui - 3.9.1.v20160813-1107
2016-12-07 15:32:09,509 - org.eclipse.pde.doc.user - 3.12.1.v20160825-1158
2016-12-07 15:32:09,510 - org.eclipse.pde.ui.templates - 3.6.0.v20160424-1948
2016-12-07 15:32:09,510 - org.eclipse.ui.views.log - 1.2.1.v20160829-0826
2016-12-07 15:32:09,510 - org.objectweb.asm - 5.0.1.v201404251740
2016-12-07 15:32:09,511 - org.objectweb.asm.tree - 5.0.1.v201404251740
2016-12-07 15:32:09,511 - org.eclipse.pde.api.tools - 1.1.1.v20160811-0626
2016-12-07 15:32:09,512 - org.eclipse.pde.api.tools.annotations - 1.0.100.v20160418-1724
2016-12-07 15:32:09,512 - org.eclipse.pde.api.tools.ui - 1.1.0.v20160519-0701
2016-12-07 15:32:09,512 - org.eclipse.pde.ds.core - 1.1.0.v20151201-1325
2016-12-07 15:32:09,513 - org.eclipse.pde.ds.ui - 1.1.0.v20160518-1843
2016-12-07 15:32:09,513 - org.eclipse.pde.launching - 3.6.400.v20160121-1248
2016-12-07 15:32:09,513 - org.eclipse.pde.ua.core - 1.0.500.v20160204-0642
2016-12-07 15:32:09,514 - org.eclipse.pde.ua.ui - 1.1.0.v20160518-1843
2016-12-07 15:32:09,514 - org.eclipse.ui.trace - 1.0.400.v20160509-1055
2016-12-07 15:32:09,514 - org.eclipse.pde.ds.annotations - 1.0.0.v20160525-1437
2016-12-07 15:32:09,520 - com.android.ide.eclipse.hierarchyviewer - 23.0.7.2120684
2016-12-07 15:32:09,523 - net.sourceforge.lpg.lpgjavaruntime - 1.1.0.v201004271650
2016-12-07 15:32:09,523 - org.eclipse.datatools.sqltools.parsers.sql.lexer - 1.1.0.201603142002
2016-12-07 15:32:09,524 - org.eclipse.datatools.sqltools.parsers.sql.query - 1.3.0.201603142002
2016-12-07 15:32:09,524 - org.eclipse.datatools.sqltools.parsers.sql.xml.query - 1.1.0.201603142002
2016-12-07 15:32:09,524 - org.eclipse.datatools.sqltools.parsers.sql - 1.1.0.201603142002
2016-12-07 15:32:09,526 - org.eclipse.mylyn.java.ui - 3.20.0.v20160421-1902
2016-12-07 15:32:09,527 - org.eclipse.mylyn.java.tasks - 3.20.0.v20160421-1902
2016-12-07 15:32:09,527 - org.eclipse.mylyn.ide.ui - 3.20.0.v20160421-1902
2016-12-07 15:32:09,527 - org.eclipse.mylyn.ide.ant - 3.20.0.v20160421-1902
2016-12-07 15:32:09,528 - org.eclipse.mylyn.debug.ui - 3.20.0.v20160421-1902
2016-12-07 15:32:09,530 - org.eclipse.mylyn.team.ui - 3.20.0.v20160421-1902
2016-12-07 15:32:09,532 - org.eclipse.datatools.sqltools.sql - 1.1.0.201603142002
2016-12-07 15:32:09,532 - org.eclipse.datatools.sqltools.common.ui - 1.1.0.201603142002
2016-12-07 15:32:09,532 - org.eclipse.datatools.sqltools.plan - 1.1.0.201603142002
2016-12-07 15:32:09,532 - org.eclipse.datatools.sqltools.editor.core - 1.1.0.201603142002
2016-12-07 15:32:09,532 - org.eclipse.datatools.sqltools.sqleditor - 1.1.0.201603142002
2016-12-07 15:32:09,532 - org.eclipse.datatools.sqltools.ddlgen.ui - 1.1.0.201603142002
2016-12-07 15:32:09,532 - org.eclipse.datatools.connectivity.db.generic - 1.1.0.201603142002
2016-12-07 15:32:09,532 - org.eclipse.datatools.sqltools.editor.core.ui - 1.1.0.201603142002
2016-12-07 15:32:09,533 - org.eclipse.datatools.sqltools.sql.ui - 1.1.0.201603142002
2016-12-07 15:32:09,534 - org.eclipse.emf.common.ui - 2.11.0.v20160526-0356
2016-12-07 15:32:09,536 - org.eclipse.mylyn.commons.repositories.core - 1.12.0.v20160421-1819
2016-12-07 15:32:09,536 - org.eclipse.mylyn.commons.repositories.ui - 1.12.0.v20160421-1819
2016-12-07 15:32:09,539 - org.eclipse.sequoyah.device.common.utilities - 2.1.0.N20120718-0509
2016-12-07 15:32:09,540 - org.eclipse.andmore.android.common - 0.5.0.201605181018
2016-12-07 15:32:09,541 - org.eclipse.andmore.android.codeutils - 0.5.0.201605181018
2016-12-07 15:32:09,542 - org.eclipse.andmore.android.translation - 0.5.0.201605181018
2016-12-07 15:32:09,543 - org.eclipse.andmore.android.codesnippets - 0.5.0.201605181018
2016-12-07 15:32:09,543 - org.eclipse.andmore.android.db.core - 0.5.0.201605181018
2016-12-07 15:32:09,543 - org.eclipse.andmore.android.logger - 0.5.0.201605181018
2016-12-07 15:32:09,544 - org.eclipse.andmore.android - 0.5.0.201605181018
2016-12-07 15:32:09,544 - org.eclipse.andmore.android.emulator - 0.5.0.201605181018
2016-12-07 15:32:09,545 - org.eclipse.andmore.android.launch - 0.5.0.201605181018
2016-12-07 15:32:09,545 - org.eclipse.andmore.android.packaging.ui - 0.5.0.201605181018
2016-12-07 15:32:09,545 - org.eclipse.andmore.android.handset - 0.5.0.201605181018
2016-12-07 15:32:09,546 - org.eclipse.andmore.android.remote - 0.5.0.201605181018
2016-12-07 15:32:09,546 - org.eclipse.andmore.android.win32.x86_64 - 0.5.0.201605181018
2016-12-07 15:32:09,546 - org.eclipse.andmore.android.mat - 0.5.0.201605181018
2016-12-07 15:32:09,546 - org.eclipse.andmore.android.devices.services - 0.5.0.201605181018
2016-12-07 15:32:09,546 - org.eclipse.andmore.android.db.devices - 0.5.0.201605181018
2016-12-07 15:32:09,547 - org.eclipse.andmore.android.installer - 0.5.0.201605181018
2016-12-07 15:32:09,547 - org.eclipse.andmore.android.logger.collector - 0.5.0.201605181018
2016-12-07 15:32:09,549 - org.eclipse.emf.mapping.ui - 2.7.0.v20160526-0356
2016-12-07 15:32:09,550 - org.eclipse.mylyn.monitor.core - 3.20.0.v20160421-1819
2016-12-07 15:32:09,551 - org.eclipse.mylyn.monitor.ui - 3.20.0.v20160421-1819
2016-12-07 15:32:09,553 - org.eclipse.datatools.connectivity.oda.template.ui - 3.3.0.201603142002
2016-12-07 15:32:09,554 - org.eclipse.sequoyah.vnc.vncviewer - 2.1.0.N20120718-0509
2016-12-07 15:32:09,555 - org.eclipse.emf.codegen.ecore.ui - 2.12.0.v20160526-0356
2016-12-07 15:32:09,557 - org.eclipse.emf.ecore.editor - 2.12.0.v20160526-0356
2016-12-07 15:32:09,558 - org.eclipse.epp.package.android - 4.6.1.20161007-1200
2016-12-07 15:32:09,559 - org.eclipse.mylyn.builds.core - 1.12.0.v20160421-2142
2016-12-07 15:32:09,560 - org.eclipse.mylyn.builds.ui - 1.12.0.v20160421-2142
2016-12-07 15:32:09,561 - org.eclipse.mylyn.context.core - 3.20.0.v20160421-1902
2016-12-07 15:32:09,562 - org.eclipse.mylyn.context.ui - 3.20.0.v20160421-1902
2016-12-07 15:32:09,562 - org.eclipse.mylyn.resources.ui - 3.20.0.v20160421-1902
2016-12-07 15:32:09,563 - org.eclipse.mylyn.context.tasks.ui - 3.20.0.v20160608-1905
2016-12-07 15:32:09,564 - org.eclipse.emf.databinding - 1.3.0.v20160526-0356
2016-12-07 15:32:09,566 - org.eclipse.datatools.connectivity.sqm.core.ui - 1.3.0.201603142002
2016-12-07 15:32:09,566 - org.eclipse.datatools.connectivity.sqm.core - 1.3.0.201603142002
2016-12-07 15:32:09,567 - org.eclipse.datatools.connectivity.sqm.server.ui - 1.2.0.201603142002
2016-12-07 15:32:09,567 - org.eclipse.datatools.connectivity.ui.dse - 1.2.0.201603142002
2016-12-07 15:32:09,567 - org.eclipse.datatools.connectivity.ui - 1.3.0.201603142002
2016-12-07 15:32:09,567 - org.eclipse.datatools.connectivity - 1.13.0.201603142002
2016-12-07 15:32:09,567 - org.eclipse.datatools.help - 1.6.0.201603142002
2016-12-07 15:32:09,567 - org.eclipse.datatools.connectivity.console.profile - 1.1.0.201603142002
2016-12-07 15:32:09,569 - org.eclipse.oomph.setup - 1.6.0.v20161125-0947
2016-12-07 15:32:09,570 - org.eclipse.oomph.setup.edit - 1.6.0.v20161125-0947
2016-12-07 15:32:09,570 - org.eclipse.oomph.setup.core - 1.6.0.v20161128-0928
2016-12-07 15:32:09,570 - org.eclipse.oomph.setup.sync - 1.6.0.v20161019-0656
2016-12-07 15:32:09,570 - org.eclipse.oomph.setup.p2 - 1.6.0.v20161019-0656
2016-12-07 15:32:09,571 - org.eclipse.oomph.setup.p2.edit - 1.6.0.v20161019-0656
2016-12-07 15:32:09,571 - org.eclipse.oomph.preferences - 1.6.0.v20161019-0656
2016-12-07 15:32:09,572 - org.eclipse.oomph.jreinfo - 1.6.0.v20161019-0656
2016-12-07 15:32:09,572 - org.eclipse.oomph.jreinfo.win32.x86_64 - 1.2.0.v20160426-0508
2016-12-07 15:32:09,572 - org.eclipse.oomph.extractor.lib - 1.3.0.v20161116-0647
2016-12-07 15:32:09,572 - org.apache.commons.logging - 1.1.1.v201101211721
2016-12-07 15:32:09,572 - org.apache.commons.codec - 1.6.0.v201305230611
2016-12-07 15:32:09,572 - org.apache.httpcomponents.httpclient - 4.3.6.v201511171540
2016-12-07 15:32:09,572 - org.apache.httpcomponents.httpcore - 4.3.3.v201411290715
2016-12-07 15:32:09,573 - org.eclipse.userstorage - 1.0.0.v20160524-0709
2016-12-07 15:32:09,573 - org.eclipse.userstorage.ui - 1.0.0.v20151216-0912
